\BOOKMARK [0][-]{chapter.1}{\376\377\0001\000\040\000H\000i\000e\000r\000a\000r\000c\000h\000i\000c\000a\000l\000\040\000I\000n\000d\000e\000x}{}% 1
\BOOKMARK [1][-]{section.1.1}{\376\377\0001\000.\0001\000\040\000C\000l\000a\000s\000s\000\040\000H\000i\000e\000r\000a\000r\000c\000h\000y}{chapter.1}% 2
\BOOKMARK [0][-]{chapter.2}{\376\377\0002\000\040\000C\000l\000a\000s\000s\000\040\000I\000n\000d\000e\000x}{}% 3
\BOOKMARK [1][-]{section.2.1}{\376\377\0002\000.\0001\000\040\000C\000l\000a\000s\000s\000\040\000L\000i\000s\000t}{chapter.2}% 4
\BOOKMARK [0][-]{chapter.3}{\376\377\0003\000\040\000C\000l\000a\000s\000s\000\040\000D\000o\000c\000u\000m\000e\000n\000t\000a\000t\000i\000o\000n}{}% 5
\BOOKMARK [1][-]{section.3.1}{\376\377\0003\000.\0001\000\040\000e\000s\000.\000e\000d\000u\000.\000u\000l\000l\000.\000e\000s\000i\000t\000.\000a\000l\000g\000o\000r\000i\000t\000h\000m\000.\000A\000b\000s\000t\000r\000a\000c\000t\000S\000e\000a\000r\000c\000h\000A\000l\000g\000o\000r\000i\000t\000h\000m\000\040\000C\000l\000a\000s\000s\000\040\000R\000e\000f\000e\000r\000e\000n\000c\000e}{chapter.3}% 6
\BOOKMARK [2][-]{subsection.3.1.1}{\376\377\0003\000.\0001\000.\0001\000\040\000D\000e\000t\000a\000i\000l\000e\000d\000\040\000D\000e\000s\000c\000r\000i\000p\000t\000i\000o\000n}{section.3.1}% 7
\BOOKMARK [2][-]{subsection.3.1.2}{\376\377\0003\000.\0001\000.\0002\000\040\000M\000e\000m\000b\000e\000r\000\040\000F\000u\000n\000c\000t\000i\000o\000n\000\040\000D\000o\000c\000u\000m\000e\000n\000t\000a\000t\000i\000o\000n}{section.3.1}% 8
\BOOKMARK [3][-]{subsubsection.3.1.2.1}{\376\377\0003\000.\0001\000.\0002\000.\0001\000\040\000g\000e\000t\000L\000e\000a\000s\000t\000H\000e\000u\000r\000i\000s\000t\000i\000c\000\050\000\051}{subsection.3.1.2}% 9
\BOOKMARK [3][-]{subsubsection.3.1.2.2}{\376\377\0003\000.\0001\000.\0002\000.\0002\000\040\000s\000h\000o\000r\000t\000p\000a\000t\000h\000\050\000\051}{subsection.3.1.2}% 10
\BOOKMARK [1][-]{section.3.2}{\376\377\0003\000.\0002\000\040\000e\000s\000.\000e\000d\000u\000.\000u\000l\000l\000.\000e\000s\000i\000t\000.\000A\000l\000g\000o\000r\000i\000t\000h\000m\000\040\000C\000l\000a\000s\000s\000\040\000R\000e\000f\000e\000r\000e\000n\000c\000e}{chapter.3}% 11
\BOOKMARK [2][-]{subsection.3.2.1}{\376\377\0003\000.\0002\000.\0001\000\040\000D\000e\000t\000a\000i\000l\000e\000d\000\040\000D\000e\000s\000c\000r\000i\000p\000t\000i\000o\000n}{section.3.2}% 12
\BOOKMARK [2][-]{subsection.3.2.2}{\376\377\0003\000.\0002\000.\0002\000\040\000M\000e\000m\000b\000e\000r\000\040\000F\000u\000n\000c\000t\000i\000o\000n\000\040\000D\000o\000c\000u\000m\000e\000n\000t\000a\000t\000i\000o\000n}{section.3.2}% 13
\BOOKMARK [3][-]{subsubsection.3.2.2.1}{\376\377\0003\000.\0002\000.\0002\000.\0001\000\040\000g\000e\000t\000S\000e\000a\000r\000c\000h\000T\000i\000m\000e\000\050\000\051}{subsection.3.2.2}% 14
\BOOKMARK [3][-]{subsubsection.3.2.2.2}{\376\377\0003\000.\0002\000.\0002\000.\0002\000\040\000p\000e\000r\000f\000o\000r\000m\000S\000e\000a\000r\000c\000h\000\050\000\051}{subsection.3.2.2}% 15
\BOOKMARK [3][-]{subsubsection.3.2.2.3}{\376\377\0003\000.\0002\000.\0002\000.\0003\000\040\000s\000e\000t\000S\000e\000a\000r\000c\000h\000T\000i\000m\000e\000\050\000\051}{subsection.3.2.2}% 16
\BOOKMARK [3][-]{subsubsection.3.2.2.4}{\376\377\0003\000.\0002\000.\0002\000.\0004\000\040\000s\000e\000t\000S\000t\000r\000a\000t\000e\000g\000y\000\050\000\051}{subsection.3.2.2}% 17
\BOOKMARK [1][-]{section.3.3}{\376\377\0003\000.\0003\000\040\000e\000s\000.\000e\000d\000u\000.\000u\000l\000l\000.\000e\000s\000i\000t\000.\000a\000l\000g\000o\000r\000i\000t\000h\000m\000.\000A\000s\000t\000a\000r\000A\000l\000g\000o\000r\000i\000t\000h\000m\000\040\000C\000l\000a\000s\000s\000\040\000R\000e\000f\000e\000r\000e\000n\000c\000e}{chapter.3}% 18
\BOOKMARK [2][-]{subsection.3.3.1}{\376\377\0003\000.\0003\000.\0001\000\040\000D\000e\000t\000a\000i\000l\000e\000d\000\040\000D\000e\000s\000c\000r\000i\000p\000t\000i\000o\000n}{section.3.3}% 19
\BOOKMARK [2][-]{subsection.3.3.2}{\376\377\0003\000.\0003\000.\0002\000\040\000M\000e\000m\000b\000e\000r\000\040\000F\000u\000n\000c\000t\000i\000o\000n\000\040\000D\000o\000c\000u\000m\000e\000n\000t\000a\000t\000i\000o\000n}{section.3.3}% 20
\BOOKMARK [3][-]{subsubsection.3.3.2.1}{\376\377\0003\000.\0003\000.\0002\000.\0001\000\040\000s\000e\000a\000r\000c\000h\000\050\000\051}{subsection.3.3.2}% 21
\BOOKMARK [1][-]{section.3.4}{\376\377\0003\000.\0004\000\040\000e\000s\000.\000e\000d\000u\000.\000u\000l\000l\000.\000e\000s\000i\000t\000.\000a\000l\000g\000o\000r\000i\000t\000h\000m\000.\000B\000f\000s\000A\000l\000g\000o\000r\000i\000t\000h\000m\000\040\000C\000l\000a\000s\000s\000\040\000R\000e\000f\000e\000r\000e\000n\000c\000e}{chapter.3}% 22
\BOOKMARK [2][-]{subsection.3.4.1}{\376\377\0003\000.\0004\000.\0001\000\040\000D\000e\000t\000a\000i\000l\000e\000d\000\040\000D\000e\000s\000c\000r\000i\000p\000t\000i\000o\000n}{section.3.4}% 23
\BOOKMARK [2][-]{subsection.3.4.2}{\376\377\0003\000.\0004\000.\0002\000\040\000M\000e\000m\000b\000e\000r\000\040\000F\000u\000n\000c\000t\000i\000o\000n\000\040\000D\000o\000c\000u\000m\000e\000n\000t\000a\000t\000i\000o\000n}{section.3.4}% 24
\BOOKMARK [3][-]{subsubsection.3.4.2.1}{\376\377\0003\000.\0004\000.\0002\000.\0001\000\040\000s\000e\000a\000r\000c\000h\000\050\000\051}{subsection.3.4.2}% 25
\BOOKMARK [1][-]{section.3.5}{\376\377\0003\000.\0005\000\040\000e\000s\000.\000e\000d\000u\000.\000u\000l\000l\000.\000e\000s\000i\000t\000.\000a\000l\000g\000o\000r\000i\000t\000h\000m\000.\000B\000i\000d\000i\000r\000e\000c\000t\000i\000o\000n\000a\000l\000S\000e\000a\000r\000c\000h\000A\000l\000g\000o\000r\000i\000t\000h\000m\000\040\000C\000l\000a\000s\000s\000\040\000R\000e\000f\000e\000r\000e\000n\000c\000e}{chapter.3}% 26
\BOOKMARK [2][-]{subsection.3.5.1}{\376\377\0003\000.\0005\000.\0001\000\040\000D\000e\000t\000a\000i\000l\000e\000d\000\040\000D\000e\000s\000c\000r\000i\000p\000t\000i\000o\000n}{section.3.5}% 27
\BOOKMARK [2][-]{subsection.3.5.2}{\376\377\0003\000.\0005\000.\0002\000\040\000M\000e\000m\000b\000e\000r\000\040\000F\000u\000n\000c\000t\000i\000o\000n\000\040\000D\000o\000c\000u\000m\000e\000n\000t\000a\000t\000i\000o\000n}{section.3.5}% 28
\BOOKMARK [3][-]{subsubsection.3.5.2.1}{\376\377\0003\000.\0005\000.\0002\000.\0001\000\040\000s\000e\000a\000r\000c\000h\000\050\000\051}{subsection.3.5.2}% 29
\BOOKMARK [1][-]{section.3.6}{\376\377\0003\000.\0006\000\040\000e\000s\000.\000e\000d\000u\000.\000u\000l\000l\000.\000e\000s\000i\000t\000.\000a\000l\000g\000o\000r\000i\000t\000h\000m\000.\000D\000f\000s\000A\000l\000g\000o\000r\000i\000t\000h\000m\000\040\000C\000l\000a\000s\000s\000\040\000R\000e\000f\000e\000r\000e\000n\000c\000e}{chapter.3}% 30
\BOOKMARK [2][-]{subsection.3.6.1}{\376\377\0003\000.\0006\000.\0001\000\040\000D\000e\000t\000a\000i\000l\000e\000d\000\040\000D\000e\000s\000c\000r\000i\000p\000t\000i\000o\000n}{section.3.6}% 31
\BOOKMARK [2][-]{subsection.3.6.2}{\376\377\0003\000.\0006\000.\0002\000\040\000M\000e\000m\000b\000e\000r\000\040\000F\000u\000n\000c\000t\000i\000o\000n\000\040\000D\000o\000c\000u\000m\000e\000n\000t\000a\000t\000i\000o\000n}{section.3.6}% 32
\BOOKMARK [3][-]{subsubsection.3.6.2.1}{\376\377\0003\000.\0006\000.\0002\000.\0001\000\040\000s\000e\000a\000r\000c\000h\000\050\000\051}{subsection.3.6.2}% 33
\BOOKMARK [1][-]{section.3.7}{\376\377\0003\000.\0007\000\040\000e\000s\000.\000e\000d\000u\000.\000u\000l\000l\000.\000e\000s\000i\000t\000.\000a\000l\000g\000o\000r\000i\000t\000h\000m\000.\000D\000i\000j\000k\000s\000t\000r\000a\000A\000l\000g\000o\000r\000i\000t\000h\000m\000\040\000C\000l\000a\000s\000s\000\040\000R\000e\000f\000e\000r\000e\000n\000c\000e}{chapter.3}% 34
\BOOKMARK [2][-]{subsection.3.7.1}{\376\377\0003\000.\0007\000.\0001\000\040\000D\000e\000t\000a\000i\000l\000e\000d\000\040\000D\000e\000s\000c\000r\000i\000p\000t\000i\000o\000n}{section.3.7}% 35
\BOOKMARK [2][-]{subsection.3.7.2}{\376\377\0003\000.\0007\000.\0002\000\040\000M\000e\000m\000b\000e\000r\000\040\000F\000u\000n\000c\000t\000i\000o\000n\000\040\000D\000o\000c\000u\000m\000e\000n\000t\000a\000t\000i\000o\000n}{section.3.7}% 36
\BOOKMARK [3][-]{subsubsection.3.7.2.1}{\376\377\0003\000.\0007\000.\0002\000.\0001\000\040\000s\000e\000a\000r\000c\000h\000\050\000\051}{subsection.3.7.2}% 37
\BOOKMARK [1][-]{section.3.8}{\376\377\0003\000.\0008\000\040\000e\000s\000.\000e\000d\000u\000.\000u\000l\000l\000.\000e\000s\000i\000t\000.\000a\000l\000g\000o\000r\000i\000t\000h\000m\000.\000G\000r\000e\000e\000d\000y\000B\000e\000s\000t\000F\000i\000r\000s\000t\000A\000l\000g\000o\000r\000i\000t\000h\000m\000\040\000C\000l\000a\000s\000s\000\040\000R\000e\000f\000e\000r\000e\000n\000c\000e}{chapter.3}% 38
\BOOKMARK [2][-]{subsection.3.8.1}{\376\377\0003\000.\0008\000.\0001\000\040\000D\000e\000t\000a\000i\000l\000e\000d\000\040\000D\000e\000s\000c\000r\000i\000p\000t\000i\000o\000n}{section.3.8}% 39
\BOOKMARK [2][-]{subsection.3.8.2}{\376\377\0003\000.\0008\000.\0002\000\040\000M\000e\000m\000b\000e\000r\000\040\000F\000u\000n\000c\000t\000i\000o\000n\000\040\000D\000o\000c\000u\000m\000e\000n\000t\000a\000t\000i\000o\000n}{section.3.8}% 40
\BOOKMARK [3][-]{subsubsection.3.8.2.1}{\376\377\0003\000.\0008\000.\0002\000.\0001\000\040\000s\000e\000a\000r\000c\000h\000\050\000\051}{subsection.3.8.2}% 41
\BOOKMARK [1][-]{section.3.9}{\376\377\0003\000.\0009\000\040\000e\000s\000.\000e\000d\000u\000.\000u\000l\000l\000.\000e\000s\000i\000t\000.\000M\000a\000i\000n\000\040\000C\000l\000a\000s\000s\000\040\000R\000e\000f\000e\000r\000e\000n\000c\000e}{chapter.3}% 42
\BOOKMARK [2][-]{subsection.3.9.1}{\376\377\0003\000.\0009\000.\0001\000\040\000D\000e\000t\000a\000i\000l\000e\000d\000\040\000D\000e\000s\000c\000r\000i\000p\000t\000i\000o\000n}{section.3.9}% 43
\BOOKMARK [2][-]{subsection.3.9.2}{\376\377\0003\000.\0009\000.\0002\000\040\000M\000e\000m\000b\000e\000r\000\040\000F\000u\000n\000c\000t\000i\000o\000n\000\040\000D\000o\000c\000u\000m\000e\000n\000t\000a\000t\000i\000o\000n}{section.3.9}% 44
\BOOKMARK [3][-]{subsubsection.3.9.2.1}{\376\377\0003\000.\0009\000.\0002\000.\0001\000\040\000c\000l\000e\000a\000r\000S\000e\000a\000r\000c\000h\000R\000e\000s\000u\000l\000t\000s\000\050\000\051}{subsection.3.9.2}% 45
\BOOKMARK [3][-]{subsubsection.3.9.2.2}{\376\377\0003\000.\0009\000.\0002\000.\0002\000\040\000c\000r\000e\000a\000t\000e\000N\000o\000d\000e\000s\000\050\000\051}{subsection.3.9.2}% 46
\BOOKMARK [3][-]{subsubsection.3.9.2.3}{\376\377\0003\000.\0009\000.\0002\000.\0003\000\040\000g\000e\000t\000N\000o\000d\000e\000A\000t\000\050\000\051}{subsection.3.9.2}% 47
\BOOKMARK [3][-]{subsubsection.3.9.2.4}{\376\377\0003\000.\0009\000.\0002\000.\0004\000\040\000i\000n\000i\000t\000\050\000\051}{subsection.3.9.2}% 48
\BOOKMARK [3][-]{subsubsection.3.9.2.5}{\376\377\0003\000.\0009\000.\0002\000.\0005\000\040\000i\000s\000M\000a\000z\000e\000V\000a\000l\000i\000d\000\050\000\051}{subsection.3.9.2}% 49
\BOOKMARK [3][-]{subsubsection.3.9.2.6}{\376\377\0003\000.\0009\000.\0002\000.\0006\000\040\000m\000a\000i\000n\000\050\000\051}{subsection.3.9.2}% 50
\BOOKMARK [3][-]{subsubsection.3.9.2.7}{\376\377\0003\000.\0009\000.\0002\000.\0007\000\040\000m\000o\000u\000s\000e\000C\000l\000i\000c\000k\000e\000d\000\050\000\051}{subsection.3.9.2}% 51
\BOOKMARK [3][-]{subsubsection.3.9.2.8}{\376\377\0003\000.\0009\000.\0002\000.\0008\000\040\000m\000o\000u\000s\000e\000E\000n\000t\000e\000r\000e\000d\000\050\000\051}{subsection.3.9.2}% 52
\BOOKMARK [3][-]{subsubsection.3.9.2.9}{\376\377\0003\000.\0009\000.\0002\000.\0009\000\040\000m\000o\000u\000s\000e\000E\000x\000i\000t\000e\000d\000\050\000\051}{subsection.3.9.2}% 53
\BOOKMARK [3][-]{subsubsection.3.9.2.10}{\376\377\0003\000.\0009\000.\0002\000.\0001\0000\000\040\000m\000o\000u\000s\000e\000P\000r\000e\000s\000s\000e\000d\000\050\000\051}{subsection.3.9.2}% 54
\BOOKMARK [3][-]{subsubsection.3.9.2.11}{\376\377\0003\000.\0009\000.\0002\000.\0001\0001\000\040\000m\000o\000u\000s\000e\000R\000e\000l\000e\000a\000s\000e\000d\000\050\000\051}{subsection.3.9.2}% 55
\BOOKMARK [3][-]{subsubsection.3.9.2.12}{\376\377\0003\000.\0009\000.\0002\000.\0001\0002\000\040\000o\000p\000e\000n\000M\000a\000z\000e\000\050\000\051}{subsection.3.9.2}% 56
\BOOKMARK [3][-]{subsubsection.3.9.2.13}{\376\377\0003\000.\0009\000.\0002\000.\0001\0003\000\040\000r\000e\000n\000d\000e\000r\000\050\000\051}{subsection.3.9.2}% 57
\BOOKMARK [3][-]{subsubsection.3.9.2.14}{\376\377\0003\000.\0009\000.\0002\000.\0001\0004\000\040\000r\000e\000s\000e\000t\000C\000o\000s\000t\000s\000\050\000\051}{subsection.3.9.2}% 58
\BOOKMARK [3][-]{subsubsection.3.9.2.15}{\376\377\0003\000.\0009\000.\0002\000.\0001\0005\000\040\000r\000u\000n\000\050\000\051}{subsection.3.9.2}% 59
\BOOKMARK [3][-]{subsubsection.3.9.2.16}{\376\377\0003\000.\0009\000.\0002\000.\0001\0006\000\040\000s\000a\000v\000e\000M\000a\000z\000e\000\050\000\051}{subsection.3.9.2}% 60
\BOOKMARK [3][-]{subsubsection.3.9.2.17}{\376\377\0003\000.\0009\000.\0002\000.\0001\0007\000\040\000s\000e\000t\000M\000a\000z\000e\000D\000i\000r\000e\000c\000t\000i\000o\000n\000s\000\050\000\051}{subsection.3.9.2}% 61
\BOOKMARK [3][-]{subsubsection.3.9.2.18}{\376\377\0003\000.\0009\000.\0002\000.\0001\0008\000\040\000S\000e\000t\000u\000p\000M\000e\000n\000u\000\050\000\051}{subsection.3.9.2}% 62
\BOOKMARK [3][-]{subsubsection.3.9.2.19}{\376\377\0003\000.\0009\000.\0002\000.\0001\0009\000\040\000s\000t\000a\000r\000t\000\050\000\051}{subsection.3.9.2}% 63
\BOOKMARK [1][-]{section.3.10}{\376\377\0003\000.\0001\0000\000\040\000e\000s\000.\000e\000d\000u\000.\000u\000l\000l\000.\000e\000s\000i\000t\000.\000M\000a\000z\000e\000G\000e\000n\000e\000r\000a\000t\000o\000r\000\040\000C\000l\000a\000s\000s\000\040\000R\000e\000f\000e\000r\000e\000n\000c\000e}{chapter.3}% 64
\BOOKMARK [2][-]{subsection.3.10.1}{\376\377\0003\000.\0001\0000\000.\0001\000\040\000D\000e\000t\000a\000i\000l\000e\000d\000\040\000D\000e\000s\000c\000r\000i\000p\000t\000i\000o\000n}{section.3.10}% 65
\BOOKMARK [2][-]{subsection.3.10.2}{\376\377\0003\000.\0001\0000\000.\0002\000\040\000C\000o\000n\000s\000t\000r\000u\000c\000t\000o\000r\000\040\000\046\000\040\000D\000e\000s\000t\000r\000u\000c\000t\000o\000r\000\040\000D\000o\000c\000u\000m\000e\000n\000t\000a\000t\000i\000o\000n}{section.3.10}% 66
\BOOKMARK [3][-]{subsubsection.3.10.2.1}{\376\377\0003\000.\0001\0000\000.\0002\000.\0001\000\040\000M\000a\000z\000e\000G\000e\000n\000e\000r\000a\000t\000o\000r\000\050\000\051}{subsection.3.10.2}% 67
\BOOKMARK [2][-]{subsection.3.10.3}{\376\377\0003\000.\0001\0000\000.\0003\000\040\000M\000e\000m\000b\000e\000r\000\040\000F\000u\000n\000c\000t\000i\000o\000n\000\040\000D\000o\000c\000u\000m\000e\000n\000t\000a\000t\000i\000o\000n}{section.3.10}% 68
\BOOKMARK [3][-]{subsubsection.3.10.3.1}{\376\377\0003\000.\0001\0000\000.\0003\000.\0001\000\040\000g\000e\000n\000e\000r\000a\000t\000e\000\050\000\051}{subsection.3.10.3}% 69
\BOOKMARK [1][-]{section.3.11}{\376\377\0003\000.\0001\0001\000\040\000e\000s\000.\000e\000d\000u\000.\000u\000l\000l\000.\000e\000s\000i\000t\000.\000N\000o\000d\000e\000\040\000C\000l\000a\000s\000s\000\040\000R\000e\000f\000e\000r\000e\000n\000c\000e}{chapter.3}% 70
\BOOKMARK [2][-]{subsection.3.11.1}{\376\377\0003\000.\0001\0001\000.\0001\000\040\000D\000e\000t\000a\000i\000l\000e\000d\000\040\000D\000e\000s\000c\000r\000i\000p\000t\000i\000o\000n}{section.3.11}% 71
\BOOKMARK [2][-]{subsection.3.11.2}{\376\377\0003\000.\0001\0001\000.\0002\000\040\000C\000o\000n\000s\000t\000r\000u\000c\000t\000o\000r\000\040\000\046\000\040\000D\000e\000s\000t\000r\000u\000c\000t\000o\000r\000\040\000D\000o\000c\000u\000m\000e\000n\000t\000a\000t\000i\000o\000n}{section.3.11}% 72
\BOOKMARK [3][-]{subsubsection.3.11.2.1}{\376\377\0003\000.\0001\0001\000.\0002\000.\0001\000\040\000N\000o\000d\000e\000\050\000\051\000\040\000[\0001\000/\0002\000]}{subsection.3.11.2}% 73
\BOOKMARK [3][-]{subsubsection.3.11.2.2}{\376\377\0003\000.\0001\0001\000.\0002\000.\0002\000\040\000N\000o\000d\000e\000\050\000\051\000\040\000[\0002\000/\0002\000]}{subsection.3.11.2}% 74
\BOOKMARK [2][-]{subsection.3.11.3}{\376\377\0003\000.\0001\0001\000.\0003\000\040\000M\000e\000m\000b\000e\000r\000\040\000F\000u\000n\000c\000t\000i\000o\000n\000\040\000D\000o\000c\000u\000m\000e\000n\000t\000a\000t\000i\000o\000n}{section.3.11}% 75
\BOOKMARK [3][-]{subsubsection.3.11.3.1}{\376\377\0003\000.\0001\0001\000.\0003\000.\0001\000\040\000c\000l\000e\000a\000r\000N\000o\000d\000e\000\050\000\051}{subsection.3.11.3}% 76
\BOOKMARK [3][-]{subsubsection.3.11.3.2}{\376\377\0003\000.\0001\0001\000.\0003\000.\0002\000\040\000C\000l\000i\000c\000k\000e\000d\000\050\000\051}{subsection.3.11.3}% 77
\BOOKMARK [3][-]{subsubsection.3.11.3.3}{\376\377\0003\000.\0001\0001\000.\0003\000.\0003\000\040\000d\000i\000s\000t\000a\000n\000c\000e\000\050\000\051}{subsection.3.11.3}% 78
\BOOKMARK [3][-]{subsubsection.3.11.3.4}{\376\377\0003\000.\0001\0001\000.\0003\000.\0004\000\040\000g\000e\000t\000C\000o\000l\000o\000r\000\050\000\051}{subsection.3.11.3}% 79
\BOOKMARK [3][-]{subsubsection.3.11.3.5}{\376\377\0003\000.\0001\0001\000.\0003\000.\0005\000\040\000g\000e\000t\000F\000C\000o\000s\000t\000\050\000\051}{subsection.3.11.3}% 80
\BOOKMARK [3][-]{subsubsection.3.11.3.6}{\376\377\0003\000.\0001\0001\000.\0003\000.\0006\000\040\000g\000e\000t\000g\000C\000o\000s\000t\000\050\000\051}{subsection.3.11.3}% 81
\BOOKMARK [3][-]{subsubsection.3.11.3.7}{\376\377\0003\000.\0001\0001\000.\0003\000.\0007\000\040\000g\000e\000t\000N\000e\000i\000g\000h\000b\000o\000u\000r\000s\000\050\000\051}{subsection.3.11.3}% 82
\BOOKMARK [3][-]{subsubsection.3.11.3.8}{\376\377\0003\000.\0001\0001\000.\0003\000.\0008\000\040\000g\000e\000t\000X\000\050\000\051}{subsection.3.11.3}% 83
\BOOKMARK [3][-]{subsubsection.3.11.3.9}{\376\377\0003\000.\0001\0001\000.\0003\000.\0009\000\040\000g\000e\000t\000Y\000\050\000\051}{subsection.3.11.3}% 84
\BOOKMARK [3][-]{subsubsection.3.11.3.10}{\376\377\0003\000.\0001\0001\000.\0003\000.\0001\0000\000\040\000i\000s\000E\000n\000d\000\050\000\051}{subsection.3.11.3}% 85
\BOOKMARK [3][-]{subsubsection.3.11.3.11}{\376\377\0003\000.\0001\0001\000.\0003\000.\0001\0001\000\040\000i\000s\000P\000a\000t\000h\000\050\000\051}{subsection.3.11.3}% 86
\BOOKMARK [3][-]{subsubsection.3.11.3.12}{\376\377\0003\000.\0001\0001\000.\0003\000.\0001\0002\000\040\000i\000s\000S\000e\000a\000r\000c\000h\000e\000d\000\050\000\051}{subsection.3.11.3}% 87
\BOOKMARK [3][-]{subsubsection.3.11.3.13}{\376\377\0003\000.\0001\0001\000.\0003\000.\0001\0003\000\040\000i\000s\000S\000t\000a\000r\000t\000\050\000\051}{subsection.3.11.3}% 88
\BOOKMARK [3][-]{subsubsection.3.11.3.14}{\376\377\0003\000.\0001\0001\000.\0003\000.\0001\0004\000\040\000i\000s\000W\000a\000l\000l\000\050\000\051}{subsection.3.11.3}% 89
\BOOKMARK [3][-]{subsubsection.3.11.3.15}{\376\377\0003\000.\0001\0001\000.\0003\000.\0001\0005\000\040\000r\000e\000n\000d\000e\000r\000\050\000\051}{subsection.3.11.3}% 90
\BOOKMARK [3][-]{subsubsection.3.11.3.16}{\376\377\0003\000.\0001\0001\000.\0003\000.\0001\0006\000\040\000s\000e\000t\000A\000s\000W\000a\000l\000l\000\050\000\051}{subsection.3.11.3}% 91
\BOOKMARK [3][-]{subsubsection.3.11.3.17}{\376\377\0003\000.\0001\0001\000.\0003\000.\0001\0007\000\040\000s\000e\000t\000C\000o\000l\000o\000r\000\050\000\051}{subsection.3.11.3}% 92
\BOOKMARK [3][-]{subsubsection.3.11.3.18}{\376\377\0003\000.\0001\0001\000.\0003\000.\0001\0008\000\040\000s\000e\000t\000D\000i\000r\000e\000c\000t\000i\000o\000n\000s\000\050\000\051}{subsection.3.11.3}% 93
\BOOKMARK [3][-]{subsubsection.3.11.3.19}{\376\377\0003\000.\0001\0001\000.\0003\000.\0001\0009\000\040\000s\000e\000t\000F\000C\000o\000s\000t\000\050\000\051}{subsection.3.11.3}% 94
\BOOKMARK [3][-]{subsubsection.3.11.3.20}{\376\377\0003\000.\0001\0001\000.\0003\000.\0002\0000\000\040\000s\000e\000t\000g\000C\000o\000s\000t\000\050\000\051}{subsection.3.11.3}% 95
\BOOKMARK [3][-]{subsubsection.3.11.3.21}{\376\377\0003\000.\0001\0001\000.\0003\000.\0002\0001\000\040\000s\000e\000t\000X\000\050\000\051}{subsection.3.11.3}% 96
\BOOKMARK [3][-]{subsubsection.3.11.3.22}{\376\377\0003\000.\0001\0001\000.\0003\000.\0002\0002\000\040\000s\000e\000t\000Y\000\050\000\051}{subsection.3.11.3}% 97
\BOOKMARK [1][-]{section.3.12}{\376\377\0003\000.\0001\0002\000\040\000e\000s\000.\000e\000d\000u\000.\000u\000l\000l\000.\000e\000s\000i\000t\000.\000N\000o\000d\000e\000T\000e\000s\000t\000\040\000C\000l\000a\000s\000s\000\040\000R\000e\000f\000e\000r\000e\000n\000c\000e}{chapter.3}% 98
\BOOKMARK [2][-]{subsection.3.12.1}{\376\377\0003\000.\0001\0002\000.\0001\000\040\000D\000e\000t\000a\000i\000l\000e\000d\000\040\000D\000e\000s\000c\000r\000i\000p\000t\000i\000o\000n}{section.3.12}% 99
\BOOKMARK [2][-]{subsection.3.12.2}{\376\377\0003\000.\0001\0002\000.\0002\000\040\000M\000e\000m\000b\000e\000r\000\040\000F\000u\000n\000c\000t\000i\000o\000n\000\040\000D\000o\000c\000u\000m\000e\000n\000t\000a\000t\000i\000o\000n}{section.3.12}% 100
\BOOKMARK [3][-]{subsubsection.3.12.2.1}{\376\377\0003\000.\0001\0002\000.\0002\000.\0001\000\040\000t\000e\000s\000t\000C\000l\000e\000a\000r\000N\000o\000d\000e\000\050\000\051}{subsection.3.12.2}% 101
\BOOKMARK [3][-]{subsubsection.3.12.2.2}{\376\377\0003\000.\0001\0002\000.\0002\000.\0002\000\040\000t\000e\000s\000t\000C\000l\000i\000c\000k\000e\000d\000C\000h\000a\000n\000g\000e\000s\000C\000o\000l\000o\000r\000\050\000\051}{subsection.3.12.2}% 102
\BOOKMARK [3][-]{subsubsection.3.12.2.3}{\376\377\0003\000.\0001\0002\000.\0002\000.\0003\000\040\000t\000e\000s\000t\000C\000o\000l\000o\000r\000F\000l\000a\000g\000s\000\050\000\051}{subsection.3.12.2}% 103
\BOOKMARK [3][-]{subsubsection.3.12.2.4}{\376\377\0003\000.\0001\0002\000.\0002\000.\0004\000\040\000t\000e\000s\000t\000C\000o\000n\000s\000t\000r\000u\000c\000t\000o\000r\000A\000n\000d\000P\000o\000s\000i\000t\000i\000o\000n\000s\000\050\000\051}{subsection.3.12.2}% 104
\BOOKMARK [3][-]{subsubsection.3.12.2.5}{\376\377\0003\000.\0001\0002\000.\0002\000.\0005\000\040\000t\000e\000s\000t\000D\000i\000s\000t\000a\000n\000c\000e\000\050\000\051}{subsection.3.12.2}% 105
\BOOKMARK [3][-]{subsubsection.3.12.2.6}{\376\377\0003\000.\0001\0002\000.\0002\000.\0006\000\040\000t\000e\000s\000t\000F\000C\000o\000s\000t\000\050\000\051}{subsection.3.12.2}% 106
\BOOKMARK [3][-]{subsubsection.3.12.2.7}{\376\377\0003\000.\0001\0002\000.\0002\000.\0007\000\040\000t\000e\000s\000t\000g\000C\000o\000s\000t\000\050\000\051}{subsection.3.12.2}% 107
\BOOKMARK [3][-]{subsubsection.3.12.2.8}{\376\377\0003\000.\0001\0002\000.\0002\000.\0008\000\040\000t\000e\000s\000t\000G\000e\000t\000N\000e\000i\000g\000h\000b\000o\000u\000r\000s\000\050\000\051}{subsection.3.12.2}% 108
\BOOKMARK [3][-]{subsubsection.3.12.2.9}{\376\377\0003\000.\0001\0002\000.\0002\000.\0009\000\040\000t\000e\000s\000t\000S\000e\000t\000A\000s\000W\000a\000l\000l\000\050\000\051}{subsection.3.12.2}% 109
\BOOKMARK [3][-]{subsubsection.3.12.2.10}{\376\377\0003\000.\0001\0002\000.\0002\000.\0001\0000\000\040\000t\000e\000s\000t\000S\000e\000t\000X\000a\000n\000d\000Y\000\050\000\051}{subsection.3.12.2}% 110
\BOOKMARK [1][-]{section.3.13}{\376\377\0003\000.\0001\0003\000\040\000e\000s\000.\000e\000d\000u\000.\000u\000l\000l\000.\000e\000s\000i\000t\000.\000a\000l\000g\000o\000r\000i\000t\000h\000m\000.\000S\000e\000a\000r\000c\000h\000A\000l\000g\000o\000r\000i\000t\000h\000m\000\040\000I\000n\000t\000e\000r\000f\000a\000c\000e\000\040\000R\000e\000f\000e\000r\000e\000n\000c\000e}{chapter.3}% 111
\BOOKMARK [2][-]{subsection.3.13.1}{\376\377\0003\000.\0001\0003\000.\0001\000\040\000D\000e\000t\000a\000i\000l\000e\000d\000\040\000D\000e\000s\000c\000r\000i\000p\000t\000i\000o\000n}{section.3.13}% 112
\BOOKMARK [2][-]{subsection.3.13.2}{\376\377\0003\000.\0001\0003\000.\0002\000\040\000M\000e\000m\000b\000e\000r\000\040\000F\000u\000n\000c\000t\000i\000o\000n\000\040\000D\000o\000c\000u\000m\000e\000n\000t\000a\000t\000i\000o\000n}{section.3.13}% 113
\BOOKMARK [3][-]{subsubsection.3.13.2.1}{\376\377\0003\000.\0001\0003\000.\0002\000.\0001\000\040\000s\000e\000a\000r\000c\000h\000\050\000\051}{subsection.3.13.2}% 114
\BOOKMARK [0][-]{section*.47}{\376\377\000I\000n\000d\000e\000x}{}% 115
